client/android/TRA/TRA/proguard-project.txt
# To enable ProGuard in your project, edit project.properties
# to define the proguard.config property as described in that file.
#
# Add project specific ProGuard rules here.
# By default, the flags in this file are appended to flags specified
# in ${sdk.dir}/tools/proguard/proguard-android.txt
# You can edit the include path and order by changing the ProGuard
# include property in project.properties.
#
# For more details, see
#   http://developer.android.com/guide/developing/tools/proguard.html

# Add any project specific keep options here:

# If your project uses WebView with JS, uncomment the following
# and specify the fully qualified class name to the JavaScript interface
# class:
#-keepclassmembers class fqcn.of.javascript.interface.for.webview {
#   public *;
#}

# keep all classes that might be used in XML layouts
-keep class android.support.v4.app.** { *; }
-keep interface android.support.v4.app.** { *; }
-keep class com.actionbarsherlock.** { *; }
-keep interface com.actionbarsherlock.** { *; }
-keepattributes *Annotation*
-keepclassmembers class **.R$* {
    public static <fields>;
}


#APACHE LIBRARY
-libraryjars libs
-keepnames class org.apache.** {*;}
-keep public class org.apache.** {*;}
-dontwarn org.apache.http.auth.**
-dontwarn org.apache.http.**
-dontwarn org.apache.http.annotation.ThreadSafe
-dontwarn org.apache.http.annotation.Immutable
-dontwarn org.apache.http.annotation.NotThreadSafe

# 以下类过滤不混淆
-keep public class * extends com.umeng.**
# 以下包不进行过滤
-keep class com.umeng.** { *; }

-keep class com.swall.tra_qq.R$*