client/android/TRA/TRA/proguard_logs/seeds.txt
com.swall.tra_qq.AddTextResourceActivity
com.swall.tra_qq.AddTextResourceActivity: AddTextResourceActivity()
com.swall.tra_qq.AddTextResourceActivity: void onClick(android.view.View)
com.swall.tra_qq.BaseActivity: BaseActivity()
com.swall.tra_qq.BaseFragmentActivity: BaseFragmentActivity()
com.swall.tra_qq.CurrentTRAActivity
com.swall.tra_qq.CurrentTRAActivity: CurrentTRAActivity()
com.swall.tra_qq.CurrentTRAActivity: void onClick(android.view.View)
com.swall.tra_qq.ImageViewActivity
com.swall.tra_qq.ImageViewActivity: ImageViewActivity()
com.swall.tra_qq.JoinActivityIntent
com.swall.tra_qq.JoinActivityIntent: JoinActivityIntent()
com.swall.tra_qq.LoginActivity
com.swall.tra_qq.LoginActivity: LoginActivity()
com.swall.tra_qq.LoginActivity: void onClick(android.view.View)
com.swall.tra_qq.MainActivity
com.swall.tra_qq.MainActivity: MainActivity()
com.swall.tra_qq.QuitActivity
com.swall.tra_qq.QuitActivity: QuitActivity()
com.swall.tra_qq.QuitActivity: void onClick(android.view.View)
com.swall.tra_qq.R$anim
com.swall.tra_qq.R$anim: int slide_in_from_bottom
com.swall.tra_qq.R$anim: int slide_in_from_top
com.swall.tra_qq.R$anim: int slide_out_to_bottom
com.swall.tra_qq.R$anim: int slide_out_to_top
com.swall.tra_qq.R$array
com.swall.tra_qq.R$array: int entries_list_preference
com.swall.tra_qq.R$array: int entryvalues_list_preference
com.swall.tra_qq.R$attr
com.swall.tra_qq.R$attr: int actionBarDivider
com.swall.tra_qq.R$attr: int actionBarItemBackground
com.swall.tra_qq.R$attr: int actionBarSize
com.swall.tra_qq.R$attr: int actionBarSplitStyle
com.swall.tra_qq.R$attr: int actionBarStyle
com.swall.tra_qq.R$attr: int actionBarTabBarStyle
com.swall.tra_qq.R$attr: int actionBarTabStyle
com.swall.tra_qq.R$attr: int actionBarTabTextStyle
com.swall.tra_qq.R$attr: int actionBarWidgetTheme
com.swall.tra_qq.R$attr: int actionButtonStyle
com.swall.tra_qq.R$attr: int actionDropDownStyle
com.swall.tra_qq.R$attr: int actionMenuTextAppearance
com.swall.tra_qq.R$attr: int actionMenuTextColor
com.swall.tra_qq.R$attr: int actionModeBackground
com.swall.tra_qq.R$attr: int actionModeCloseButtonStyle
com.swall.tra_qq.R$attr: int actionModeCloseDrawable
com.swall.tra_qq.R$attr: int actionModePopupWindowStyle
com.swall.tra_qq.R$attr: int actionModeShareDrawable
com.swall.tra_qq.R$attr: int actionModeSplitBackground
com.swall.tra_qq.R$attr: int actionModeStyle
com.swall.tra_qq.R$attr: int actionOverflowButtonStyle
com.swall.tra_qq.R$attr: int actionSpinnerItemStyle
com.swall.tra_qq.R$attr: int activatedBackgroundIndicator
com.swall.tra_qq.R$attr: int activityChooserViewStyle
com.swall.tra_qq.R$attr: int background
com.swall.tra_qq.R$attr: int backgroundSplit
com.swall.tra_qq.R$attr: int backgroundStacked
com.swall.tra_qq.R$attr: int buttonStyleSmall
com.swall.tra_qq.R$attr: int customNavigationLayout
com.swall.tra_qq.R$bool
com.swall.tra_qq.R$bool: int abs__action_bar_embed_tabs
com.swall.tra_qq.R$bool: int abs__action_bar_expanded_action_views_exclusive
com.swall.tra_qq.R$bool: int abs__config_actionMenuItemAllCaps
com.swall.tra_qq.R$bool: int abs__config_allowActionMenuItemTextWithIcon
com.swall.tra_qq.R$bool: int abs__config_showMenuShortcutsWhenKeyboardPresent
com.swall.tra_qq.R$bool: int abs__split_action_bar_is_narrow
...
com.tencent.connect.dataprovider.DataType$TextOnly
com.tencent.connect.dataprovider.DataType$TextOnly: android.os.Parcelable$Creator CREATOR
com.tencent.stat.StatReportStrategy: com.tencent.stat.StatReportStrategy[] values()
com.tencent.stat.StatReportStrategy: com.tencent.stat.StatReportStrategy valueOf(java.lang.String)
com.tencent.tauth.AuthActivity
com.tencent.tauth.AuthActivity: AuthActivity()
com.tencent.weiyun.FileManager$WeiyunFileType: com.tencent.weiyun.FileManager$WeiyunFileType[] values()
com.tencent.weiyun.FileManager$WeiyunFileType: com.tencent.weiyun.FileManager$WeiyunFileType valueOf(java.lang.String)
com.umeng.analytics.Gender
com.umeng.analytics.Gender: com.umeng.analytics.Gender Male
com.umeng.analytics.Gender: com.umeng.analytics.Gender Female
com.umeng.analytics.Gender: com.umeng.analytics.Gender Unknown
com.umeng.analytics.Gender: com.umeng.analytics.Gender[] a
com.umeng.analytics.Gender: com.umeng.analytics.Gender[] values()
com.umeng.analytics.Gender: com.umeng.analytics.Gender valueOf(java.lang.String)
com.umeng.analytics.Gender: Gender(java.lang.String,int)
com.umeng.analytics.Gender: void <clinit>()
com.umeng.analytics.MobclickAgent
com.umeng.analytics.MobclickAgent: com.umeng.analytics.b a
com.umeng.analytics.MobclickAgent: com.umeng.analytics.onlineconfig.a b
com.umeng.analytics.MobclickAgent: MobclickAgent()
com.umeng.analytics.MobclickAgent: void setAutoLocation(boolean)
com.umeng.analytics.MobclickAgent: void setWrapper(java.lang.String,java.lang.String)
com.umeng.analytics.MobclickAgent: void setSessionContinueMillis(long)
com.umeng.analytics.MobclickAgent: void setEnableEventBuffer(boolean)
com.umeng.analytics.MobclickAgent: void setOnlineConfigureListener(com.umeng.analytics.onlineconfig.UmengOnlineConfigureListener)
com.umeng.analytics.MobclickAgent: com.umeng.analytics.b a()
com.umeng.analytics.MobclickAgent: void setOpenGLContext(javax.microedition.khronos.opengles.GL10)
com.umeng.analytics.MobclickAgent: void openActivityDurationTrack(boolean)
com.umeng.analytics.MobclickAgent: void onPageStart(java.lang.String)
com.umeng.analytics.MobclickAgent: void onPageEnd(java.lang.String)
com.umeng.analytics.MobclickAgent: void setDebugMode(boolean)
com.umeng.analytics.MobclickAgent: void setDefaultReportPolicy(android.content.Context,int)
com.umeng.analytics.MobclickAgent: void onPause(android.content.Context)
com.umeng.analytics.MobclickAgent: void onResume(android.content.Context)
com.umeng.analytics.MobclickAgent: void onResume(android.content.Context,java.lang.String,java.lang.String)
com.umeng.analytics.MobclickAgent: void onError(android.content.Context)
com.umeng.analytics.MobclickAgent$1
com.umeng.analytics.MobclickAgent$1: int[] a
com.umeng.analytics.MobclickAgent$1: void <clinit>()
com.umeng.analytics.MobclickAgentJSInterface
com.umeng.analytics.MobclickAgentJSInterface: android.content.Context a
com.umeng.analytics.MobclickAgentJSInterface: MobclickAgentJSInterface(android.content.Context,android.webkit.WebView)
com.umeng.analytics.MobclickAgentJSInterface: MobclickAgentJSInterface(android.content.Context,android.webkit.WebView,android.webkit.WebChromeClient)
com.umeng.analytics.MobclickAgentJSInterface: android.content.Context a(com.umeng.analytics.MobclickAgentJSInterface)