client/android/TRA/TRA/proguard_logs/mapping.txt
com.swall.tra_qq.AddTextResourceActivity -> com.swall.tra_qq.AddTextResourceActivity:
    android.widget.TextView mTitleTips -> e
    android.widget.EditText mEditText -> f
    void onCreate(android.os.Bundle) -> onCreate
    void onClick(android.view.View) -> onClick
    void beforeTextChanged(java.lang.CharSequence,int,int,int) -> beforeTextChanged
    void onTextChanged(java.lang.CharSequence,int,int,int) -> onTextChanged
    void afterTextChanged(android.text.Editable) -> afterTextChanged
com.swall.tra_qq.AvailableFrame -> com.swall.tra_qq.a:
    android.os.Handler mHandler -> g
    int mAutoRetryCount -> h
    int RETRY_MAX -> i
    android.widget.ListView mListView -> j
    com.swall.tra_qq.adapter.ActivitiesListAdapter mAdapter -> k
    com.swall.tra_qq.network.ActionListener listListener -> l
    com.handmark.pulltorefresh.library.PullToRefreshListView pullToRefreshListView -> m
    android.view.View onCreateView(android.view.LayoutInflater) -> a
    void showEmptyOrShowError() -> c
    void onDestroy() -> a
    void onItemClick(android.widget.AdapterView,android.view.View,int,long) -> onItemClick
    com.swall.tra_qq.network.ActionListener access$000(com.swall.tra_qq.AvailableFrame) -> a
    android.os.Handler access$100(com.swall.tra_qq.AvailableFrame) -> b
    com.handmark.pulltorefresh.library.PullToRefreshListView access$200(com.swall.tra_qq.AvailableFrame) -> c
    void access$300(com.swall.tra_qq.AvailableFrame) -> d
    com.swall.tra_qq.adapter.ActivitiesListAdapter access$400(com.swall.tra_qq.AvailableFrame) -> e
com.swall.tra_qq.AvailableFrame$1 -> com.swall.tra_qq.b:
    com.swall.tra_qq.AvailableFrame this$0 -> a
    void handleMessage(android.os.Message) -> handleMessage
com.swall.tra_qq.AvailableFrame$2 -> com.swall.tra_qq.c:
    com.swall.tra_qq.AvailableFrame this$0 -> a
    void onRefresh(com.handmark.pulltorefresh.library.PullToRefreshBase) -> a
com.swall.tra_qq.AvailableFrame$3 -> com.swall.tra_qq.d:
    com.swall.tra_qq.AvailableFrame this$0 -> a
    void onReceive(int,android.os.Bundle) -> a
com.swall.tra_qq.BaseActivity -> com.swall.tra_qq.e:
    com.swall.tra_qq.TRAApplication app -> a
    java.lang.String TAG -> b
    com.swall.tra_qq.model.AccountInfo currentAccount -> c
    android.os.Bundle defaultRequestData -> d
    void onCreate(android.os.Bundle) -> onCreate
    void onResume() -> onResume
    void onPause() -> onPause
    void onDestroy() -> onDestroy
    void onBackPressed() -> onBackPressed
com.swall.tra_qq.BaseFragmentActivity -> com.swall.tra_qq.f:
    com.swall.tra_qq.TRAApplication app -> a
    java.lang.String TAG -> b
    android.os.Bundle defaultRequestData -> c
    boolean mShowQuitButton -> e
    com.actionbarsherlock.view.MenuItem mMenuItemSettings -> d
    boolean mBackConfirm -> f
    long mLastBackTime -> g
    long DOUBLE_BACK_QUIT_INTERVAL -> h
    android.os.Handler mHandler -> i
    com.swall.tra_qq.model.AccountInfo getCurrentAccount() -> a
    java.lang.String getCurrentAcccountName() -> b
    boolean onCreateOptionsMenu(com.actionbarsherlock.view.Menu) -> onCreateOptionsMenu
    boolean onMenuItemSelected(int,com.actionbarsherlock.view.MenuItem) -> onMenuItemSelected
    void onCreate(android.os.Bundle) -> onCreate
    boolean onKeyDown(int,android.view.KeyEvent) -> onKeyDown
    void setBackConfirm(boolean) -> a
    void showQuitButton() -> c
    void hideQuitButton() -> d
    void onResume() -> onResume
    void onPause() -> onPause
    void onDestroy() -> onDestroy
    long access$000(com.swall.tra_qq.BaseFragmentActivity) -> a
    long access$002(com.swall.tra_qq.BaseFragmentActivity,long) -> a
com.swall.tra_qq.BaseFragmentActivity$1 -> com.swall.tra_qq.g:
    com.swall.tra_qq.BaseFragmentActivity this$0 -> a
    void handleMessage(android.os.Message) -> handleMessage
...
org.apache.http.config.RegistryBuilder -> org.apache.http.config.RegistryBuilder:
    java.util.Map items -> items
    org.apache.http.config.RegistryBuilder create() -> create
    org.apache.http.config.RegistryBuilder register(java.lang.String,java.lang.Object) -> register
    org.apache.http.config.Registry build() -> build
    java.lang.String toString() -> toString
org.apache.http.config.SocketConfig -> org.apache.http.config.SocketConfig:
    org.apache.http.config.SocketConfig DEFAULT -> DEFAULT
    int soTimeout -> soTimeout
    boolean soReuseAddress -> soReuseAddress
    int soLinger -> soLinger
    boolean soKeepAlive -> soKeepAlive
    boolean tcpNoDelay -> tcpNoDelay
    int getSoTimeout() -> getSoTimeout
    boolean isSoReuseAddress() -> isSoReuseAddress
    int getSoLinger() -> getSoLinger
    boolean isSoKeepAlive() -> isSoKeepAlive
    boolean isTcpNoDelay() -> isTcpNoDelay
    org.apache.http.config.SocketConfig clone() -> clone
    java.lang.String toString() -> toString
    org.apache.http.config.SocketConfig$Builder custom() -> custom
    org.apache.http.config.SocketConfig$Builder copy(org.apache.http.config.SocketConfig) -> copy
    java.lang.Object clone() -> clone
org.apache.http.config.SocketConfig$Builder -> org.apache.http.config.SocketConfig$Builder:
    int soTimeout -> soTimeout
    boolean soReuseAddress -> soReuseAddress
    int soLinger -> soLinger
    boolean soKeepAlive -> soKeepAlive
    boolean tcpNoDelay -> tcpNoDelay
    org.apache.http.config.SocketConfig$Builder setSoTimeout(int) -> setSoTimeout
    org.apache.http.config.SocketConfig$Builder setSoReuseAddress(boolean) -> setSoReuseAddress
    org.apache.http.config.SocketConfig$Builder setSoLinger(int) -> setSoLinger
    org.apache.http.config.SocketConfig$Builder setSoKeepAlive(boolean) -> setSoKeepAlive
    org.apache.http.config.SocketConfig$Builder setTcpNoDelay(boolean) -> setTcpNoDelay
    org.apache.http.config.SocketConfig build() -> build
org.apache.http.entity.AbstractHttpEntity -> org.apache.http.entity.AbstractHttpEntity:
    int OUTPUT_BUFFER_SIZE -> OUTPUT_BUFFER_SIZE
    org.apache.http.Header contentType -> contentType
    org.apache.http.Header contentEncoding -> contentEncoding
    boolean chunked -> chunked
    org.apache.http.Header getContentType() -> getContentType
    org.apache.http.Header getContentEncoding() -> getContentEncoding
    boolean isChunked() -> isChunked
    void setContentType(org.apache.http.Header) -> setContentType
    void setContentType(java.lang.String) -> setContentType
    void setContentEncoding(org.apache.http.Header) -> setContentEncoding
    void setContentEncoding(java.lang.String) -> setContentEncoding
    void setChunked(boolean) -> setChunked
    void consumeContent() -> consumeContent
org.apache.http.entity.BasicHttpEntity -> org.apache.http.entity.BasicHttpEntity:
    java.io.InputStream content -> content
    long length -> length
    long getContentLength() -> getContentLength
    java.io.InputStream getContent() -> getContent
    boolean isRepeatable() -> isRepeatable
    void setContentLength(long) -> setContentLength
    void setContent(java.io.InputStream) -> setContent
    void writeTo(java.io.OutputStream) -> writeTo
    boolean isStreaming() -> isStreaming
org.apache.http.entity.BufferedHttpEntity -> org.apache.http.entity.BufferedHttpEntity:
    byte[] buffer -> buffer
    long getContentLength() -> getContentLength
    java.io.InputStream getContent() -> getContent
    boolean isChunked() -> isChunked
    boolean isRepeatable() -> isRepeatable
    void writeTo(java.io.OutputStream) -> writeTo
    boolean isStreaming() -> isStreaming