client/android/TRA/TRA/proguard_logs/usage.txt
com.swall.tra_qq.AvailableFrame:
    private static final int MSG_REFRESH
com.swall.tra_qq.BaseActivity:
    private android.view.View mTitleView
    21:21:public java.lang.String getCurrentAcccountName()
com.swall.tra_qq.BaseFragmentActivity:
    private static final int MESSAGE_CONFIRM_QUIT
    private android.view.View mTitleView
    private android.app.AlertDialog mQuitProgramConfirmDialog
    90:111:private void confirnQuitProgram()
    25:25:static synthetic android.app.AlertDialog access$100(com.swall.tra_qq.BaseFragmentActivity)
com.swall.tra_qq.BaseFragmentActivity$2
com.swall.tra_qq.BaseFragmentActivity$3
com.swall.tra_qq.BuildConfig
com.swall.tra_qq.CurrentTRAActivity:
    private static final int REQUEST_ID_PHOTO
    private static final int REQUEST_ID_VIDEO
    private static final int REQUEST_ID_TEXT
    private android.app.AlertDialog mQuitDialog
    private android.app.AlertDialog mDialog
    private static final int STATE_LOADING
    private static final int STATE_NO_ACTIVITY
    private static final int STATE_HAS_ACTIVITY
    408:411:private void doUpload(android.net.Uri,int,int)
    517:523:private void showProgressDialog()
com.swall.tra_qq.MainActivity:
    private static final int RETRY_FETCH_CURRENT
    private android.app.ProgressDialog mProgressDialog
com.swall.tra_qq.R:
    10:10:public R()
com.swall.tra_qq.ResourceListActivity:
    private com.swall.tra_qq.model.TRAInfo mInfo
com.swall.tra_qq.SettingActivity:
    public static final java.lang.String PRE_NAME
com.swall.tra_qq.SettingActivity2
com.swall.tra_qq.TRAApplication:
    public static final java.lang.String LIST_TYPE_AVAILABLE
    public static final java.lang.String LIST_TYPE_EXPIRED
    public static final java.lang.String LIST_TYPE_RESOURCES
    public static final java.lang.String KEY_SP_CONTENT
    public static final java.lang.String CACHED_USER_DATA
    public static final java.lang.String KEY_USER_NAME
    public static final java.lang.String KEY_USER_PASSWORD
    private static final java.lang.String KEY_AUTO_LOGIN
    public static final java.lang.String KEY_SHOW_NAME
    public static final java.lang.String KEY_ENCODE_KEY
    public static final java.lang.String KEY_LOGIN_TIME
    public static final java.lang.String QQ_APP_ID
    private android.widget.Toast reloginingToast
    202:203:public void removeObserver(int,com.swall.tra_qq.network.ActionListener)
    308:308:public java.lang.String getCachedData(java.lang.String,java.lang.String)
    311:311:public java.lang.String getCachedList(java.lang.String)
    315:316:public java.lang.String getCachedData(java.lang.String,java.lang.String,java.lang.String)
    319:321:public boolean updateCachedData(java.lang.String,java.lang.String)
    325:327:public boolean removeCachedData(java.lang.String)
    330:332:public boolean removeCachedData(java.lang.String,java.lang.String)
com.swall.tra_qq.TRAInfoActivity:
    private android.app.ProgressDialog mJoiningDialog
    60:66:private void fetchCurrentActivity()
com.swall.tra_qq.TRAInfoActivity$1
com.swall.tra_qq.TabFrame:
    private android.view.View mTitleView
    44:45:public void startActivityForResult(android.content.Intent,int)
com.swall.tra_qq.adapter.ActivitiesListAdapter:
    75:77:public void addTRAInfo(org.json.JSONObject)
com.swall.tra_qq.adapter.ActivityResourceAdapter:
    91:93:public com.swall.tra_qq.model.TRAInfo setJSONData(org.json.JSONObject)
com.swall.tra_qq.adapter.ActivityResourceAdapter$ViewHolder:
    private static final int ITEM_TYPE_TEXT
com.swall.tra_qq.model.ResourceInfo:
    public static final int RESOURCE_TYPE_TEXT
    public static final int RESOURCE_TYPE_IMAGE
    public static final int RESOURCE_TYPE_VIDEO
    public static final int RESOURCE_TYPE_AUDIO
    public java.lang.String resourceId
    public java.lang.String userName
...
android.support.v4.net.ConnectivityManagerCompatGingerbread
android.support.v4.net.ConnectivityManagerCompatHoneycombMR2
android.support.v4.net.ConnectivityManagerCompatJellyBean
android.support.v4.net.TrafficStatsCompat
android.support.v4.net.TrafficStatsCompat$1
android.support.v4.net.TrafficStatsCompat$BaseTrafficStatsCompatImpl
android.support.v4.net.TrafficStatsCompat$BaseTrafficStatsCompatImpl$1
android.support.v4.net.TrafficStatsCompat$BaseTrafficStatsCompatImpl$SocketTags
android.support.v4.net.TrafficStatsCompat$IcsTrafficStatsCompatImpl
android.support.v4.net.TrafficStatsCompat$TrafficStatsCompatImpl
android.support.v4.net.TrafficStatsCompatIcs
android.support.v4.os.ParcelableCompat:
    26:42:public ParcelableCompat()
android.support.v4.os.ParcelableCompatCreatorHoneycombMR2Stub:
    22:22:ParcelableCompatCreatorHoneycombMR2Stub()
android.support.v4.util.DebugUtils:
    25:25:public DebugUtils()
android.support.v4.util.LongSparseArray
android.support.v4.util.LruCache
android.support.v4.util.SparseArrayCompat:
    107:111:public void removeAtRange(int,int)
    236:241:public void setValueAt(int,java.lang.Object)
    265:273:public int indexOfValue(java.lang.Object)
    296:323:public void append(int,java.lang.Object)
android.support.v4.util.TimeUtils
android.support.v4.view.AccessibilityDelegateCompat
android.support.v4.view.AccessibilityDelegateCompat$AccessibilityDelegateIcsImpl
android.support.v4.view.AccessibilityDelegateCompat$AccessibilityDelegateIcsImpl$1
android.support.v4.view.AccessibilityDelegateCompat$AccessibilityDelegateImpl
android.support.v4.view.AccessibilityDelegateCompat$AccessibilityDelegateJellyBeanImpl
android.support.v4.view.AccessibilityDelegateCompat$AccessibilityDelegateJellyBeanImpl$1
android.support.v4.view.AccessibilityDelegateCompat$AccessibilityDelegateStubImpl
android.support.v4.view.AccessibilityDelegateCompatIcs
android.support.v4.view.AccessibilityDelegateCompatIcs$1
android.support.v4.view.AccessibilityDelegateCompatIcs$AccessibilityDelegateBridge
android.support.v4.view.AccessibilityDelegateCompatJellyBean
android.support.v4.view.AccessibilityDelegateCompatJellyBean$1
android.support.v4.view.AccessibilityDelegateCompatJellyBean$AccessibilityDelegateBridgeJellyBean
android.support.v4.view.KeyEventCompat:
    25:95:public KeyEventCompat()
    127:127:public static int normalizeMetaState(int)
    131:131:public static boolean metaStateHasModifiers(int,int)
    135:135:public static boolean metaStateHasNoModifiers(int)
android.support.v4.view.KeyEventCompat$BaseKeyEventVersionImpl:
    private static final int META_MODIFIER_MASK
    private static final int META_ALL_MASK
android.support.v4.view.KeyEventCompat$HoneycombKeyEventVersionImpl:
    98:98:public int normalizeMetaState(int)
android.support.v4.view.KeyEventCompat$KeyEventVersionImpl:
    public abstract int normalizeMetaState(int)
android.support.v4.view.KeyEventCompatHoneycomb:
    24:24:KeyEventCompatHoneycomb()
    26:26:public static int normalizeMetaState(int)
android.support.v4.view.MenuCompat
android.support.v4.view.MenuCompat$BaseMenuVersionImpl
android.support.v4.view.MenuCompat$HoneycombMenuVersionImpl
android.support.v4.view.MenuCompat$MenuVersionImpl
android.support.v4.view.MenuItemCompat
android.support.v4.view.MenuItemCompat$BaseMenuVersionImpl
android.support.v4.view.MenuItemCompat$HoneycombMenuVersionImpl
android.support.v4.view.MenuItemCompat$MenuVersionImpl
android.support.v4.view.MenuItemCompatHoneycomb